{"/var/www/river/src/backend/DatabaseAccessObject.js": {"path":"/var/www/river/src/backend/DatabaseAccessObject.js","statementMap":{"0":{"start":{"line":1,"column":14},"end":{"line":1,"column":30}},"1":{"start":{"line":6,"column":16},"end":{"line":6,"column":34}},"2":{"start":{"line":7,"column":20},"end":{"line":7,"column":41}},"3":{"start":{"line":8,"column":4},"end":{"line":8,"column":21}},"4":{"start":{"line":12,"column":4},"end":{"line":17,"column":20}},"5":{"start":{"line":21,"column":16},"end":{"line":26,"column":27}},"6":{"start":{"line":27,"column":19},"end":{"line":27,"column":45}},"7":{"start":{"line":28,"column":4},"end":{"line":29,"column":46}},"8":{"start":{"line":29,"column":6},"end":{"line":29,"column":46}},"9":{"start":{"line":33,"column":4},"end":{"line":34,"column":51}},"10":{"start":{"line":34,"column":6},"end":{"line":34,"column":51}},"11":{"start":{"line":35,"column":16},"end":{"line":35,"column":46}},"12":{"start":{"line":36,"column":19},"end":{"line":36,"column":58}},"13":{"start":{"line":37,"column":4},"end":{"line":37,"column":26}},"14":{"start":{"line":42,"column":4},"end":{"line":45,"column":26}},"15":{"start":{"line":49,"column":4},"end":{"line":49,"column":40}},"16":{"start":{"line":50,"column":16},"end":{"line":50,"column":38}},"17":{"start":{"line":51,"column":20},"end":{"line":51,"column":53}},"18":{"start":{"line":52,"column":4},"end":{"line":52,"column":31}},"19":{"start":{"line":56,"column":4},"end":{"line":61,"column":21}},"20":{"start":{"line":65,"column":4},"end":{"line":65,"column":38}},"21":{"start":{"line":66,"column":16},"end":{"line":66,"column":41}},"22":{"start":{"line":67,"column":19},"end":{"line":67,"column":49}},"23":{"start":{"line":68,"column":4},"end":{"line":68,"column":26}},"24":{"start":{"line":72,"column":4},"end":{"line":76,"column":16}},"25":{"start":{"line":80,"column":17},"end":{"line":80,"column":38}},"26":{"start":{"line":81,"column":4},"end":{"line":81,"column":32}},"27":{"start":{"line":85,"column":4},"end":{"line":88,"column":30}},"28":{"start":{"line":92,"column":18},"end":{"line":92,"column":45}},"29":{"start":{"line":93,"column":4},"end":{"line":93,"column":32}},"30":{"start":{"line":97,"column":4},"end":{"line":97,"column":33}},"31":{"start":{"line":101,"column":16},"end":{"line":101,"column":39}},"32":{"start":{"line":102,"column":16},"end":{"line":102,"column":43}},"33":{"start":{"line":103,"column":4},"end":{"line":103,"column":28}},"34":{"start":{"line":107,"column":4},"end":{"line":112,"column":5}},"35":{"start":{"line":116,"column":4},"end":{"line":124,"column":6}},"36":{"start":{"line":117,"column":6},"end":{"line":123,"column":9}},"37":{"start":{"line":118,"column":8},"end":{"line":121,"column":9}},"38":{"start":{"line":119,"column":10},"end":{"line":119,"column":19}},"39":{"start":{"line":120,"column":10},"end":{"line":120,"column":19}},"40":{"start":{"line":122,"column":8},"end":{"line":122,"column":20}},"41":{"start":{"line":128,"column":4},"end":{"line":136,"column":6}},"42":{"start":{"line":129,"column":6},"end":{"line":135,"column":8}},"43":{"start":{"line":130,"column":8},"end":{"line":134,"column":11}},"44":{"start":{"line":131,"column":10},"end":{"line":131,"column":29}},"45":{"start":{"line":131,"column":19},"end":{"line":131,"column":29}},"46":{"start":{"line":132,"column":10},"end":{"line":132,"column":19}},"47":{"start":{"line":133,"column":10},"end":{"line":133,"column":26}},"48":{"start":{"line":140,"column":4},"end":{"line":141,"column":59}},"49":{"start":{"line":141,"column":6},"end":{"line":141,"column":59}},"50":{"start":{"line":144,"column":0},"end":{"line":144,"column":19}}},"fnMap":{"0":{"name":"(anonymous_0)","decl":{"start":{"line":5,"column":2},"end":{"line":5,"column":3}},"loc":{"start":{"line":5,"column":18},"end":{"line":9,"column":3}},"line":5},"1":{"name":"(anonymous_1)","decl":{"start":{"line":11,"column":2},"end":{"line":11,"column":3}},"loc":{"start":{"line":11,"column":15},"end":{"line":18,"column":3}},"line":11},"2":{"name":"(anonymous_2)","decl":{"start":{"line":20,"column":2},"end":{"line":20,"column":3}},"loc":{"start":{"line":20,"column":38},"end":{"line":30,"column":3}},"line":20},"3":{"name":"(anonymous_3)","decl":{"start":{"line":32,"column":2},"end":{"line":32,"column":3}},"loc":{"start":{"line":32,"column":45},"end":{"line":38,"column":3}},"line":32},"4":{"name":"(anonymous_4)","decl":{"start":{"line":41,"column":2},"end":{"line":41,"column":3}},"loc":{"start":{"line":41,"column":27},"end":{"line":46,"column":3}},"line":41},"5":{"name":"(anonymous_5)","decl":{"start":{"line":48,"column":2},"end":{"line":48,"column":3}},"loc":{"start":{"line":48,"column":30},"end":{"line":53,"column":3}},"line":48},"6":{"name":"(anonymous_6)","decl":{"start":{"line":55,"column":2},"end":{"line":55,"column":3}},"loc":{"start":{"line":55,"column":19},"end":{"line":62,"column":3}},"line":55},"7":{"name":"(anonymous_7)","decl":{"start":{"line":64,"column":2},"end":{"line":64,"column":3}},"loc":{"start":{"line":64,"column":31},"end":{"line":69,"column":3}},"line":64},"8":{"name":"(anonymous_8)","decl":{"start":{"line":71,"column":2},"end":{"line":71,"column":3}},"loc":{"start":{"line":71,"column":22},"end":{"line":77,"column":3}},"line":71},"9":{"name":"(anonymous_9)","decl":{"start":{"line":79,"column":2},"end":{"line":79,"column":3}},"loc":{"start":{"line":79,"column":21},"end":{"line":82,"column":3}},"line":79},"10":{"name":"(anonymous_10)","decl":{"start":{"line":84,"column":2},"end":{"line":84,"column":3}},"loc":{"start":{"line":84,"column":18},"end":{"line":89,"column":3}},"line":84},"11":{"name":"(anonymous_11)","decl":{"start":{"line":91,"column":2},"end":{"line":91,"column":3}},"loc":{"start":{"line":91,"column":27},"end":{"line":94,"column":3}},"line":91},"12":{"name":"(anonymous_12)","decl":{"start":{"line":96,"column":2},"end":{"line":96,"column":3}},"loc":{"start":{"line":96,"column":24},"end":{"line":98,"column":3}},"line":96},"13":{"name":"(anonymous_13)","decl":{"start":{"line":100,"column":2},"end":{"line":100,"column":3}},"loc":{"start":{"line":100,"column":17},"end":{"line":104,"column":3}},"line":100},"14":{"name":"(anonymous_14)","decl":{"start":{"line":106,"column":2},"end":{"line":106,"column":3}},"loc":{"start":{"line":106,"column":20},"end":{"line":113,"column":3}},"line":106},"15":{"name":"(anonymous_15)","decl":{"start":{"line":115,"column":2},"end":{"line":115,"column":3}},"loc":{"start":{"line":115,"column":14},"end":{"line":125,"column":3}},"line":115},"16":{"name":"(anonymous_16)","decl":{"start":{"line":116,"column":23},"end":{"line":116,"column":24}},"loc":{"start":{"line":116,"column":43},"end":{"line":124,"column":5}},"line":116},"17":{"name":"(anonymous_17)","decl":{"start":{"line":117,"column":18},"end":{"line":117,"column":19}},"loc":{"start":{"line":117,"column":32},"end":{"line":123,"column":7}},"line":117},"18":{"name":"(anonymous_18)","decl":{"start":{"line":127,"column":3},"end":{"line":127,"column":4}},"loc":{"start":{"line":127,"column":25},"end":{"line":137,"column":3}},"line":127},"19":{"name":"(anonymous_19)","decl":{"start":{"line":128,"column":23},"end":{"line":128,"column":24}},"loc":{"start":{"line":128,"column":42},"end":{"line":136,"column":5}},"line":128},"20":{"name":"(anonymous_20)","decl":{"start":{"line":129,"column":32},"end":{"line":129,"column":33}},"loc":{"start":{"line":129,"column":38},"end":{"line":135,"column":7}},"line":129},"21":{"name":"(anonymous_21)","decl":{"start":{"line":130,"column":27},"end":{"line":130,"column":28}},"loc":{"start":{"line":130,"column":45},"end":{"line":134,"column":9}},"line":130},"22":{"name":"(anonymous_22)","decl":{"start":{"line":139,"column":2},"end":{"line":139,"column":3}},"loc":{"start":{"line":139,"column":31},"end":{"line":142,"column":3}},"line":139}},"branchMap":{"0":{"loc":{"start":{"line":28,"column":4},"end":{"line":29,"column":46}},"type":"if","locations":[{"start":{"line":28,"column":4},"end":{"line":29,"column":46}},{"start":{"line":28,"column":4},"end":{"line":29,"column":46}}],"line":28},"1":{"loc":{"start":{"line":33,"column":4},"end":{"line":34,"column":51}},"type":"if","locations":[{"start":{"line":33,"column":4},"end":{"line":34,"column":51}},{"start":{"line":33,"column":4},"end":{"line":34,"column":51}}],"line":33},"2":{"loc":{"start":{"line":33,"column":7},"end":{"line":33,"column":26}},"type":"binary-expr","locations":[{"start":{"line":33,"column":7},"end":{"line":33,"column":14}},{"start":{"line":33,"column":18},"end":{"line":33,"column":26}}],"line":33},"3":{"loc":{"start":{"line":118,"column":8},"end":{"line":121,"column":9}},"type":"if","locations":[{"start":{"line":118,"column":8},"end":{"line":121,"column":9}},{"start":{"line":118,"column":8},"end":{"line":121,"column":9}}],"line":118},"4":{"loc":{"start":{"line":131,"column":10},"end":{"line":131,"column":29}},"type":"if","locations":[{"start":{"line":131,"column":10},"end":{"line":131,"column":29}},{"start":{"line":131,"column":10},"end":{"line":131,"column":29}}],"line":131},"5":{"loc":{"start":{"line":140,"column":4},"end":{"line":141,"column":59}},"type":"if","locations":[{"start":{"line":140,"column":4},"end":{"line":141,"column":59}},{"start":{"line":140,"column":4},"end":{"line":141,"column":59}}],"line":140},"6":{"loc":{"start":{"line":140,"column":7},"end":{"line":140,"column":46}},"type":"binary-expr","locations":[{"start":{"line":140,"column":7},"end":{"line":140,"column":32}},{"start":{"line":140,"column":36},"end":{"line":140,"column":46}}],"line":140}},"s":{"0":2,"1":0,"2":0,"3":0,"4":0,"5":0,"6":0,"7":0,"8":0,"9":1,"10":0,"11":1,"12":1,"13":1,"14":1,"15":2,"16":2,"17":2,"18":2,"19":2,"20":2,"21":1,"22":1,"23":1,"24":1,"25":0,"26":0,"27":0,"28":0,"29":0,"30":0,"31":0,"32":0,"33":0,"34":0,"35":0,"36":0,"37":0,"38":0,"39":0,"40":0,"41":0,"42":0,"43":0,"44":0,"45":0,"46":0,"47":0,"48":3,"49":1,"50":2},"f":{"0":0,"1":0,"2":0,"3":1,"4":1,"5":2,"6":2,"7":2,"8":1,"9":0,"10":0,"11":0,"12":0,"13":0,"14":0,"15":0,"16":0,"17":0,"18":0,"19":0,"20":0,"21":0,"22":3},"b":{"0":[0,0],"1":[0,1],"2":[1,1],"3":[0,0],"4":[0,0],"5":[1,2],"6":[3,3]},"_coverageSchema":"1a1c01bbd47fc00a2c39e90264f33305004495a9","hash":"0ed5214b9627ccbd3ce7c6f10a99490373d77cf6"}
,"/var/www/river/src/backend/controller.js": {"path":"/var/www/river/src/backend/controller.js","statementMap":{"0":{"start":{"line":1,"column":29},"end":{"line":1,"column":62}},"1":{"start":{"line":6,"column":4},"end":{"line":7,"column":71}},"2":{"start":{"line":7,"column":6},"end":{"line":7,"column":71}},"3":{"start":{"line":8,"column":4},"end":{"line":8,"column":16}},"4":{"start":{"line":9,"column":4},"end":{"line":9,"column":38}},"5":{"start":{"line":10,"column":4},"end":{"line":10,"column":76}},"6":{"start":{"line":11,"column":4},"end":{"line":11,"column":54}},"7":{"start":{"line":12,"column":4},"end":{"line":12,"column":52}},"8":{"start":{"line":13,"column":4},"end":{"line":13,"column":50}},"9":{"start":{"line":17,"column":16},"end":{"line":17,"column":33}},"10":{"start":{"line":18,"column":4},"end":{"line":19,"column":60}},"11":{"start":{"line":19,"column":6},"end":{"line":19,"column":60}},"12":{"start":{"line":20,"column":4},"end":{"line":20,"column":14}},"13":{"start":{"line":24,"column":19},"end":{"line":24,"column":64}},"14":{"start":{"line":25,"column":18},"end":{"line":25,"column":51}},"15":{"start":{"line":26,"column":4},"end":{"line":26,"column":19}},"16":{"start":{"line":30,"column":21},"end":{"line":30,"column":67}},"17":{"start":{"line":31,"column":4},"end":{"line":31,"column":48}},"18":{"start":{"line":32,"column":19},"end":{"line":32,"column":58}},"19":{"start":{"line":33,"column":18},"end":{"line":33,"column":51}},"20":{"start":{"line":34,"column":4},"end":{"line":34,"column":19}},"21":{"start":{"line":38,"column":18},"end":{"line":38,"column":42}},"22":{"start":{"line":39,"column":21},"end":{"line":39,"column":73}},"23":{"start":{"line":40,"column":4},"end":{"line":40,"column":30}},"24":{"start":{"line":41,"column":4},"end":{"line":41,"column":16}},"25":{"start":{"line":45,"column":21},"end":{"line":45,"column":48}},"26":{"start":{"line":46,"column":4},"end":{"line":46,"column":22}},"27":{"start":{"line":50,"column":15},"end":{"line":50,"column":59}},"28":{"start":{"line":51,"column":21},"end":{"line":51,"column":54}},"29":{"start":{"line":52,"column":22},"end":{"line":52,"column":58}},"30":{"start":{"line":53,"column":26},"end":{"line":53,"column":54}},"31":{"start":{"line":54,"column":4},"end":{"line":54,"column":27}},"32":{"start":{"line":57,"column":0},"end":{"line":57,"column":27}}},"fnMap":{"0":{"name":"(anonymous_0)","decl":{"start":{"line":5,"column":2},"end":{"line":5,"column":3}},"loc":{"start":{"line":5,"column":17},"end":{"line":14,"column":3}},"line":5},"1":{"name":"(anonymous_1)","decl":{"start":{"line":16,"column":2},"end":{"line":16,"column":3}},"loc":{"start":{"line":16,"column":37},"end":{"line":21,"column":3}},"line":16},"2":{"name":"(anonymous_2)","decl":{"start":{"line":23,"column":2},"end":{"line":23,"column":3}},"loc":{"start":{"line":23,"column":31},"end":{"line":27,"column":3}},"line":23},"3":{"name":"(anonymous_3)","decl":{"start":{"line":29,"column":2},"end":{"line":29,"column":3}},"loc":{"start":{"line":29,"column":30},"end":{"line":35,"column":3}},"line":29},"4":{"name":"(anonymous_4)","decl":{"start":{"line":37,"column":2},"end":{"line":37,"column":3}},"loc":{"start":{"line":37,"column":30},"end":{"line":42,"column":3}},"line":37},"5":{"name":"(anonymous_5)","decl":{"start":{"line":44,"column":2},"end":{"line":44,"column":3}},"loc":{"start":{"line":44,"column":29},"end":{"line":47,"column":3}},"line":44},"6":{"name":"(anonymous_6)","decl":{"start":{"line":49,"column":2},"end":{"line":49,"column":3}},"loc":{"start":{"line":49,"column":23},"end":{"line":55,"column":3}},"line":49}},"branchMap":{"0":{"loc":{"start":{"line":6,"column":4},"end":{"line":7,"column":71}},"type":"if","locations":[{"start":{"line":6,"column":4},"end":{"line":7,"column":71}},{"start":{"line":6,"column":4},"end":{"line":7,"column":71}}],"line":6},"1":{"loc":{"start":{"line":18,"column":4},"end":{"line":19,"column":60}},"type":"if","locations":[{"start":{"line":18,"column":4},"end":{"line":19,"column":60}},{"start":{"line":18,"column":4},"end":{"line":19,"column":60}}],"line":18},"2":{"loc":{"start":{"line":18,"column":7},"end":{"line":18,"column":40}},"type":"binary-expr","locations":[{"start":{"line":18,"column":7},"end":{"line":18,"column":29}},{"start":{"line":18,"column":33},"end":{"line":18,"column":40}}],"line":18}},"s":{"0":1,"1":6,"2":1,"3":5,"4":5,"5":5,"6":5,"7":5,"8":5,"9":2,"10":2,"11":1,"12":1,"13":2,"14":1,"15":1,"16":1,"17":1,"18":1,"19":1,"20":1,"21":0,"22":0,"23":0,"24":0,"25":0,"26":0,"27":0,"28":0,"29":0,"30":0,"31":0,"32":1},"f":{"0":6,"1":2,"2":2,"3":1,"4":0,"5":0,"6":0},"b":{"0":[1,5],"1":[1,1],"2":[2,2]},"_coverageSchema":"1a1c01bbd47fc00a2c39e90264f33305004495a9","hash":"161ac10027946a122938cc38eab0cf570ebf948e"}
,"/var/www/river/src/backend/supervisor.js": {"path":"/var/www/river/src/backend/supervisor.js","statementMap":{"0":{"start":{"line":1,"column":19},"end":{"line":1,"column":40}},"1":{"start":{"line":2,"column":28},"end":{"line":2,"column":32}},"2":{"start":{"line":7,"column":4},"end":{"line":7,"column":24}},"3":{"start":{"line":8,"column":4},"end":{"line":8,"column":24}},"4":{"start":{"line":9,"column":4},"end":{"line":9,"column":22}},"5":{"start":{"line":10,"column":4},"end":{"line":10,"column":25}},"6":{"start":{"line":14,"column":4},"end":{"line":14,"column":64}},"7":{"start":{"line":15,"column":4},"end":{"line":15,"column":78}},"8":{"start":{"line":16,"column":4},"end":{"line":16,"column":74}},"9":{"start":{"line":17,"column":4},"end":{"line":17,"column":68}},"10":{"start":{"line":18,"column":4},"end":{"line":18,"column":56}},"11":{"start":{"line":19,"column":4},"end":{"line":19,"column":52}},"12":{"start":{"line":20,"column":4},"end":{"line":20,"column":60}},"13":{"start":{"line":24,"column":4},"end":{"line":27,"column":48}},"14":{"start":{"line":25,"column":6},"end":{"line":25,"column":22}},"15":{"start":{"line":27,"column":6},"end":{"line":27,"column":48}},"16":{"start":{"line":31,"column":4},"end":{"line":31,"column":39}},"17":{"start":{"line":32,"column":4},"end":{"line":32,"column":30}},"18":{"start":{"line":33,"column":4},"end":{"line":33,"column":30}},"19":{"start":{"line":37,"column":4},"end":{"line":37,"column":34}},"20":{"start":{"line":38,"column":4},"end":{"line":38,"column":36}},"21":{"start":{"line":42,"column":6},"end":{"line":42,"column":56}},"22":{"start":{"line":46,"column":6},"end":{"line":46,"column":50}},"23":{"start":{"line":50,"column":4},"end":{"line":53,"column":24}},"24":{"start":{"line":51,"column":7},"end":{"line":51,"column":33}},"25":{"start":{"line":53,"column":7},"end":{"line":53,"column":24}},"26":{"start":{"line":57,"column":4},"end":{"line":57,"column":33}},"27":{"start":{"line":61,"column":4},"end":{"line":61,"column":25}},"28":{"start":{"line":62,"column":4},"end":{"line":62,"column":19}},"29":{"start":{"line":63,"column":4},"end":{"line":63,"column":27}},"30":{"start":{"line":67,"column":4},"end":{"line":67,"column":26}},"31":{"start":{"line":71,"column":4},"end":{"line":71,"column":57}},"32":{"start":{"line":75,"column":4},"end":{"line":75,"column":45}},"33":{"start":{"line":79,"column":5},"end":{"line":79,"column":57}},"34":{"start":{"line":83,"column":6},"end":{"line":83,"column":32}},"35":{"start":{"line":87,"column":4},"end":{"line":87,"column":22}},"36":{"start":{"line":91,"column":4},"end":{"line":91,"column":58}},"37":{"start":{"line":92,"column":4},"end":{"line":92,"column":23}},"38":{"start":{"line":95,"column":0},"end":{"line":95,"column":27}}},"fnMap":{"0":{"name":"(anonymous_0)","decl":{"start":{"line":6,"column":2},"end":{"line":6,"column":3}},"loc":{"start":{"line":6,"column":19},"end":{"line":11,"column":3}},"line":6},"1":{"name":"(anonymous_1)","decl":{"start":{"line":13,"column":2},"end":{"line":13,"column":3}},"loc":{"start":{"line":13,"column":17},"end":{"line":21,"column":3}},"line":13},"2":{"name":"(anonymous_2)","decl":{"start":{"line":23,"column":2},"end":{"line":23,"column":3}},"loc":{"start":{"line":23,"column":17},"end":{"line":28,"column":3}},"line":23},"3":{"name":"(anonymous_3)","decl":{"start":{"line":30,"column":2},"end":{"line":30,"column":3}},"loc":{"start":{"line":30,"column":22},"end":{"line":34,"column":3}},"line":30},"4":{"name":"(anonymous_4)","decl":{"start":{"line":36,"column":2},"end":{"line":36,"column":3}},"loc":{"start":{"line":36,"column":23},"end":{"line":39,"column":3}},"line":36},"5":{"name":"(anonymous_5)","decl":{"start":{"line":41,"column":2},"end":{"line":41,"column":3}},"loc":{"start":{"line":41,"column":27},"end":{"line":43,"column":3}},"line":41},"6":{"name":"(anonymous_6)","decl":{"start":{"line":45,"column":2},"end":{"line":45,"column":3}},"loc":{"start":{"line":45,"column":29},"end":{"line":47,"column":3}},"line":45},"7":{"name":"(anonymous_7)","decl":{"start":{"line":49,"column":2},"end":{"line":49,"column":3}},"loc":{"start":{"line":49,"column":18},"end":{"line":54,"column":3}},"line":49},"8":{"name":"(anonymous_8)","decl":{"start":{"line":56,"column":2},"end":{"line":56,"column":3}},"loc":{"start":{"line":56,"column":20},"end":{"line":58,"column":3}},"line":56},"9":{"name":"(anonymous_9)","decl":{"start":{"line":60,"column":2},"end":{"line":60,"column":3}},"loc":{"start":{"line":60,"column":23},"end":{"line":64,"column":3}},"line":60},"10":{"name":"(anonymous_10)","decl":{"start":{"line":66,"column":2},"end":{"line":66,"column":3}},"loc":{"start":{"line":66,"column":18},"end":{"line":68,"column":3}},"line":66},"11":{"name":"(anonymous_11)","decl":{"start":{"line":70,"column":2},"end":{"line":70,"column":3}},"loc":{"start":{"line":70,"column":12},"end":{"line":72,"column":3}},"line":70},"12":{"name":"(anonymous_12)","decl":{"start":{"line":74,"column":2},"end":{"line":74,"column":3}},"loc":{"start":{"line":74,"column":20},"end":{"line":76,"column":3}},"line":74},"13":{"name":"(anonymous_13)","decl":{"start":{"line":78,"column":2},"end":{"line":78,"column":3}},"loc":{"start":{"line":78,"column":23},"end":{"line":80,"column":3}},"line":78},"14":{"name":"(anonymous_14)","decl":{"start":{"line":82,"column":2},"end":{"line":82,"column":3}},"loc":{"start":{"line":82,"column":28},"end":{"line":84,"column":3}},"line":82},"15":{"name":"(anonymous_15)","decl":{"start":{"line":86,"column":2},"end":{"line":86,"column":3}},"loc":{"start":{"line":86,"column":13},"end":{"line":88,"column":3}},"line":86},"16":{"name":"(anonymous_16)","decl":{"start":{"line":90,"column":2},"end":{"line":90,"column":3}},"loc":{"start":{"line":90,"column":14},"end":{"line":93,"column":3}},"line":90}},"branchMap":{"0":{"loc":{"start":{"line":24,"column":4},"end":{"line":27,"column":48}},"type":"if","locations":[{"start":{"line":24,"column":4},"end":{"line":27,"column":48}},{"start":{"line":24,"column":4},"end":{"line":27,"column":48}}],"line":24},"1":{"loc":{"start":{"line":50,"column":4},"end":{"line":53,"column":24}},"type":"if","locations":[{"start":{"line":50,"column":4},"end":{"line":53,"column":24}},{"start":{"line":50,"column":4},"end":{"line":53,"column":24}}],"line":50},"2":{"loc":{"start":{"line":79,"column":22},"end":{"line":79,"column":56}},"type":"cond-expr","locations":[{"start":{"line":79,"column":32},"end":{"line":79,"column":49}},{"start":{"line":79,"column":52},"end":{"line":79,"column":56}}],"line":79}},"s":{"0":1,"1":1,"2":5,"3":5,"4":5,"5":5,"6":5,"7":5,"8":5,"9":5,"10":5,"11":5,"12":5,"13":5,"14":5,"15":0,"16":1,"17":1,"18":1,"19":0,"20":0,"21":0,"22":0,"23":2,"24":1,"25":1,"26":1,"27":0,"28":0,"29":0,"30":0,"31":0,"32":0,"33":1,"34":0,"35":1,"36":0,"37":0,"38":1},"f":{"0":5,"1":5,"2":5,"3":1,"4":0,"5":0,"6":0,"7":2,"8":1,"9":0,"10":0,"11":0,"12":0,"13":1,"14":0,"15":1,"16":0},"b":{"0":[5,0],"1":[1,1],"2":[1,0]},"_coverageSchema":"1a1c01bbd47fc00a2c39e90264f33305004495a9","hash":"9c50a981be418be0d8037a8c20e5b3c5a4592b2f"}
,"/var/www/river/src/frontend/components/login-screen.vue": {"path":"/var/www/river/src/frontend/components/login-screen.vue","statementMap":{"0":{"start":{"line":36,"column":0},"end":{"line":36,"column":null}},"1":{"start":{"line":37,"column":0},"end":{"line":37,"column":null}},"2":{"start":{"line":42,"column":0},"end":{"line":42,"column":null}},"3":{"start":{"line":51,"column":0},"end":{"line":51,"column":null}},"4":{"start":{"line":60,"column":0},"end":{"line":60,"column":null}},"5":{"start":{"line":66,"column":0},"end":{"line":66,"column":null}},"6":{"start":{"line":67,"column":0},"end":{"line":67,"column":null}},"7":{"start":{"line":68,"column":0},"end":{"line":68,"column":null}},"8":{"start":{"line":69,"column":0},"end":{"line":69,"column":null}},"9":{"start":{"line":73,"column":0},"end":{"line":73,"column":null}},"10":{"start":{"line":79,"column":0},"end":{"line":79,"column":null}},"11":{"start":{"line":80,"column":0},"end":{"line":80,"column":null}},"12":{"start":{"line":83,"column":0},"end":{"line":83,"column":null}},"13":{"start":{"line":84,"column":0},"end":{"line":84,"column":null}},"14":{"start":{"line":85,"column":0},"end":{"line":85,"column":null}},"15":{"start":{"line":88,"column":0},"end":{"line":88,"column":null}},"16":{"start":{"line":89,"column":0},"end":{"line":93,"column":null}},"17":{"start":{"line":90,"column":0},"end":{"line":90,"column":null}},"18":{"start":{"line":92,"column":0},"end":{"line":92,"column":null}}},"fnMap":{"0":{"name":"data","decl":{"start":{"line":41,"column":0},"end":{"line":41,"column":null}},"loc":{"start":{"line":41,"column":0},"end":{"line":47,"column":null}}},"1":{"name":"(anonymous_9)","decl":{"start":{"line":50,"column":0},"end":{"line":50,"column":null}},"loc":{"start":{"line":50,"column":0},"end":{"line":52,"column":null}}},"2":{"name":"(anonymous_10)","decl":{"start":{"line":59,"column":0},"end":{"line":59,"column":null}},"loc":{"start":{"line":59,"column":0},"end":{"line":62,"column":null}}},"3":{"name":"(anonymous_11)","decl":{"start":{"line":66,"column":0},"end":{"line":66,"column":null}},"loc":{"start":{"line":66,"column":0},"end":{"line":70,"column":null}}},"4":{"name":"(anonymous_13)","decl":{"start":{"line":72,"column":0},"end":{"line":72,"column":null}},"loc":{"start":{"line":72,"column":0},"end":{"line":77,"column":null}}},"5":{"name":"(anonymous_14)","decl":{"start":{"line":79,"column":0},"end":{"line":79,"column":null}},"loc":{"start":{"line":79,"column":0},"end":{"line":81,"column":null}}},"6":{"name":"(anonymous_16)","decl":{"start":{"line":83,"column":0},"end":{"line":83,"column":null}},"loc":{"start":{"line":83,"column":0},"end":{"line":86,"column":null}}},"7":{"name":"(anonymous_18)","decl":{"start":{"line":88,"column":0},"end":{"line":88,"column":null}},"loc":{"start":{"line":88,"column":0},"end":{"line":94,"column":null}}}},"branchMap":{"0":{"loc":{"start":{"line":60,"column":0},"end":{"line":60,"column":null}},"type":"if","locations":[{"start":{"line":60,"column":0},"end":{"line":60,"column":null}},{"start":{"line":60,"column":0},"end":{"line":60,"column":null}}]},"1":{"loc":{"start":{"line":73,"column":0},"end":{"line":73,"column":null}},"type":"if","locations":[{"start":{"line":73,"column":0},"end":{"line":73,"column":null}},{"start":{"line":73,"column":0},"end":{"line":73,"column":null}}]}},"s":{"0":2,"1":2,"2":4,"3":4,"4":4,"5":4,"6":2,"7":2,"8":2,"9":4,"10":0,"11":0,"12":1,"13":1,"14":1,"15":0,"16":0,"17":0,"18":0},"f":{"0":4,"1":4,"2":4,"3":4,"4":2,"5":0,"6":2,"7":0},"b":{"0":[0,4],"1":[1,1]}}
,"/var/www/river/src/frontend/components/photo-viewer.vue": {"path":"/var/www/river/src/frontend/components/photo-viewer.vue","statementMap":{"0":{"start":{"line":21,"column":0},"end":{"line":21,"column":null}},"1":{"start":{"line":25,"column":0},"end":{"line":25,"column":null}},"2":{"start":{"line":33,"column":0},"end":{"line":33,"column":null}},"3":{"start":{"line":37,"column":0},"end":{"line":37,"column":null}},"4":{"start":{"line":41,"column":0},"end":{"line":41,"column":null}},"5":{"start":{"line":49,"column":0},"end":{"line":49,"column":null}},"6":{"start":{"line":55,"column":0},"end":{"line":55,"column":null}},"7":{"start":{"line":56,"column":0},"end":{"line":56,"column":null}},"8":{"start":{"line":57,"column":0},"end":{"line":57,"column":null}},"9":{"start":{"line":58,"column":0},"end":{"line":58,"column":null}},"10":{"start":{"line":63,"column":0},"end":{"line":63,"column":null}},"11":{"start":{"line":66,"column":0},"end":{"line":66,"column":null}},"12":{"start":{"line":67,"column":0},"end":{"line":67,"column":null}},"13":{"start":{"line":68,"column":0},"end":{"line":68,"column":null}},"14":{"start":{"line":69,"column":0},"end":{"line":69,"column":null}},"15":{"start":{"line":74,"column":0},"end":{"line":74,"column":null}},"16":{"start":{"line":78,"column":0},"end":{"line":78,"column":null}},"17":{"start":{"line":79,"column":0},"end":{"line":79,"column":null}},"18":{"start":{"line":80,"column":0},"end":{"line":80,"column":null}},"19":{"start":{"line":83,"column":0},"end":{"line":83,"column":null}},"20":{"start":{"line":84,"column":0},"end":{"line":84,"column":null}}},"fnMap":{"0":{"name":"data","decl":{"start":{"line":24,"column":0},"end":{"line":24,"column":null}},"loc":{"start":{"line":24,"column":0},"end":{"line":29,"column":null}}},"1":{"name":"(anonymous_9)","decl":{"start":{"line":32,"column":0},"end":{"line":32,"column":null}},"loc":{"start":{"line":32,"column":0},"end":{"line":34,"column":null}}},"2":{"name":"(anonymous_10)","decl":{"start":{"line":36,"column":0},"end":{"line":36,"column":null}},"loc":{"start":{"line":36,"column":0},"end":{"line":38,"column":null}}},"3":{"name":"(anonymous_11)","decl":{"start":{"line":40,"column":0},"end":{"line":40,"column":null}},"loc":{"start":{"line":40,"column":0},"end":{"line":45,"column":null}}},"4":{"name":"(anonymous_12)","decl":{"start":{"line":48,"column":0},"end":{"line":48,"column":null}},"loc":{"start":{"line":48,"column":0},"end":{"line":51,"column":null}}},"5":{"name":"(anonymous_13)","decl":{"start":{"line":55,"column":0},"end":{"line":55,"column":null}},"loc":{"start":{"line":55,"column":0},"end":{"line":60,"column":null}}},"6":{"name":"(anonymous_15)","decl":{"start":{"line":62,"column":0},"end":{"line":62,"column":null}},"loc":{"start":{"line":62,"column":0},"end":{"line":64,"column":null}}},"7":{"name":"(anonymous_16)","decl":{"start":{"line":66,"column":0},"end":{"line":66,"column":null}},"loc":{"start":{"line":66,"column":0},"end":{"line":71,"column":null}}},"8":{"name":"(anonymous_18)","decl":{"start":{"line":73,"column":0},"end":{"line":73,"column":null}},"loc":{"start":{"line":73,"column":0},"end":{"line":75,"column":null}}},"9":{"name":"(anonymous_19)","decl":{"start":{"line":78,"column":0},"end":{"line":78,"column":null}},"loc":{"start":{"line":78,"column":0},"end":{"line":81,"column":null}}},"10":{"name":"(anonymous_21)","decl":{"start":{"line":83,"column":0},"end":{"line":83,"column":null}},"loc":{"start":{"line":83,"column":0},"end":{"line":85,"column":null}}}},"branchMap":{"0":{"loc":{"start":{"line":37,"column":0},"end":{"line":37,"column":null}},"type":"binary-expr","locations":[{"start":{"line":37,"column":0},"end":{"line":37,"column":null}},{"start":{"line":37,"column":0},"end":{"line":37,"column":null}}]},"1":{"loc":{"start":{"line":41,"column":0},"end":{"line":41,"column":null}},"type":"if","locations":[{"start":{"line":41,"column":0},"end":{"line":41,"column":null}},{"start":{"line":41,"column":0},"end":{"line":41,"column":null}}]},"2":{"loc":{"start":{"line":49,"column":0},"end":{"line":49,"column":null}},"type":"if","locations":[{"start":{"line":49,"column":0},"end":{"line":49,"column":null}},{"start":{"line":49,"column":0},"end":{"line":49,"column":null}}]},"3":{"loc":{"start":{"line":58,"column":0},"end":{"line":58,"column":null}},"type":"if","locations":[{"start":{"line":58,"column":0},"end":{"line":58,"column":null}},{"start":{"line":58,"column":0},"end":{"line":58,"column":null}}]},"4":{"loc":{"start":{"line":69,"column":0},"end":{"line":69,"column":null}},"type":"if","locations":[{"start":{"line":69,"column":0},"end":{"line":69,"column":null}},{"start":{"line":69,"column":0},"end":{"line":69,"column":null}}]}},"s":{"0":2,"1":5,"2":6,"3":7,"4":2,"5":5,"6":2,"7":1,"8":1,"9":2,"10":1,"11":2,"12":1,"13":1,"14":2,"15":0,"16":2,"17":1,"18":1,"19":1,"20":1},"f":{"0":5,"1":6,"2":7,"3":1,"4":5,"5":2,"6":1,"7":2,"8":0,"9":2,"10":2},"b":{"0":[7,7],"1":[1,0],"2":[0,5],"3":[0,1],"4":[1,0]}}
,"/var/www/river/src/frontend/components/root.vue": {"path":"/var/www/river/src/frontend/components/root.vue","statementMap":{"0":{"start":{"line":9,"column":0},"end":{"line":9,"column":null}},"1":{"start":{"line":10,"column":0},"end":{"line":10,"column":null}}},"fnMap":{},"branchMap":{},"s":{"0":1,"1":1},"f":{},"b":{}}
,"/var/www/river/src/frontend/components/users.vue": {"path":"/var/www/river/src/frontend/components/users.vue","statementMap":{"0":{"start":{"line":53,"column":0},"end":{"line":53,"column":null}},"1":{"start":{"line":54,"column":0},"end":{"line":54,"column":null}},"2":{"start":{"line":55,"column":0},"end":{"line":55,"column":null}},"3":{"start":{"line":60,"column":0},"end":{"line":60,"column":null}},"4":{"start":{"line":66,"column":0},"end":{"line":66,"column":null}},"5":{"start":{"line":67,"column":0},"end":{"line":67,"column":null}},"6":{"start":{"line":68,"column":0},"end":{"line":68,"column":null}},"7":{"start":{"line":69,"column":0},"end":{"line":69,"column":null}},"8":{"start":{"line":72,"column":0},"end":{"line":72,"column":null}},"9":{"start":{"line":73,"column":0},"end":{"line":73,"column":null}},"10":{"start":{"line":77,"column":0},"end":{"line":77,"column":null}},"11":{"start":{"line":78,"column":0},"end":{"line":78,"column":null}},"12":{"start":{"line":79,"column":0},"end":{"line":79,"column":null}},"13":{"start":{"line":83,"column":0},"end":{"line":83,"column":null}},"14":{"start":{"line":92,"column":0},"end":{"line":92,"column":null}},"15":{"start":{"line":93,"column":0},"end":{"line":93,"column":null}},"16":{"start":{"line":94,"column":0},"end":{"line":94,"column":null}}},"fnMap":{"0":{"name":"data","decl":{"start":{"line":59,"column":0},"end":{"line":59,"column":null}},"loc":{"start":{"line":59,"column":0},"end":{"line":63,"column":null}}},"1":{"name":"(anonymous_9)","decl":{"start":{"line":66,"column":0},"end":{"line":66,"column":null}},"loc":{"start":{"line":66,"column":0},"end":{"line":70,"column":null}}},"2":{"name":"(anonymous_11)","decl":{"start":{"line":72,"column":0},"end":{"line":72,"column":null}},"loc":{"start":{"line":72,"column":0},"end":{"line":75,"column":null}}},"3":{"name":"(anonymous_13)","decl":{"start":{"line":77,"column":0},"end":{"line":77,"column":null}},"loc":{"start":{"line":77,"column":0},"end":{"line":80,"column":null}}},"4":{"name":"(anonymous_15)","decl":{"start":{"line":82,"column":0},"end":{"line":82,"column":null}},"loc":{"start":{"line":82,"column":0},"end":{"line":90,"column":null}}},"5":{"name":"(anonymous_16)","decl":{"start":{"line":92,"column":0},"end":{"line":92,"column":null}},"loc":{"start":{"line":92,"column":0},"end":{"line":95,"column":null}}}},"branchMap":{"0":{"loc":{"start":{"line":73,"column":0},"end":{"line":73,"column":null}},"type":"if","locations":[{"start":{"line":73,"column":0},"end":{"line":73,"column":null}},{"start":{"line":73,"column":0},"end":{"line":73,"column":null}}]}},"s":{"0":3,"1":3,"2":3,"3":2,"4":2,"5":1,"6":1,"7":1,"8":2,"9":2,"10":0,"11":0,"12":0,"13":1,"14":2,"15":1,"16":1},"f":{"0":2,"1":2,"2":2,"3":0,"4":1,"5":2},"b":{"0":[1,0]}}
,"/var/www/river/src/frontend/images/logo.png": {"path":"/var/www/river/src/frontend/images/logo.png","statementMap":{"0":{"start":{"line":1,"column":0},"end":{"line":1,"column":19}}},"fnMap":{},"branchMap":{},"s":{"0":2},"f":{},"b":{},"_coverageSchema":"1a1c01bbd47fc00a2c39e90264f33305004495a9","hash":"c7e9b13365504233f1bd4f2d152d5ae7d2681143"}
,"/var/www/river/src/frontend/images/smile.png": {"path":"/var/www/river/src/frontend/images/smile.png","statementMap":{"0":{"start":{"line":1,"column":0},"end":{"line":1,"column":19}}},"fnMap":{},"branchMap":{},"s":{"0":3},"f":{},"b":{},"_coverageSchema":"1a1c01bbd47fc00a2c39e90264f33305004495a9","hash":"66bc622a838f671a9650170f552d465545f906a4"}
,"/var/www/river/src/shared_models/AbstractModel.js": {"path":"/var/www/river/src/shared_models/AbstractModel.js","statementMap":{"0":{"start":{"line":3,"column":16},"end":{"line":3,"column":25}},"1":{"start":{"line":4,"column":4},"end":{"line":5,"column":60}},"2":{"start":{"line":5,"column":6},"end":{"line":5,"column":60}},"3":{"start":{"line":6,"column":4},"end":{"line":6,"column":14}},"4":{"start":{"line":9,"column":0},"end":{"line":9,"column":30}}},"fnMap":{"0":{"name":"(anonymous_0)","decl":{"start":{"line":2,"column":2},"end":{"line":2,"column":3}},"loc":{"start":{"line":2,"column":37},"end":{"line":7,"column":3}},"line":2}},"branchMap":{"0":{"loc":{"start":{"line":4,"column":4},"end":{"line":5,"column":60}},"type":"if","locations":[{"start":{"line":4,"column":4},"end":{"line":5,"column":60}},{"start":{"line":4,"column":4},"end":{"line":5,"column":60}}],"line":4},"1":{"loc":{"start":{"line":4,"column":7},"end":{"line":4,"column":40}},"type":"binary-expr","locations":[{"start":{"line":4,"column":7},"end":{"line":4,"column":29}},{"start":{"line":4,"column":33},"end":{"line":4,"column":40}}],"line":4}},"s":{"0":2,"1":2,"2":1,"3":1,"4":4},"f":{"0":2},"b":{"0":[1,1],"1":[2,2]},"_coverageSchema":"1a1c01bbd47fc00a2c39e90264f33305004495a9","hash":"d7b3a0ad5f2edb82461e22bbeeb238f271c64197"}
,"/var/www/river/src/shared_models/LoginResponse.js": {"path":"/var/www/river/src/shared_models/LoginResponse.js","statementMap":{"0":{"start":{"line":4,"column":4},"end":{"line":4,"column":23}},"1":{"start":{"line":5,"column":4},"end":{"line":5,"column":26}},"2":{"start":{"line":8,"column":4},"end":{"line":8,"column":52}},"3":{"start":{"line":12,"column":4},"end":{"line":15,"column":5}},"4":{"start":{"line":19,"column":4},"end":{"line":19,"column":27}},"5":{"start":{"line":23,"column":4},"end":{"line":23,"column":22}},"6":{"start":{"line":27,"column":4},"end":{"line":27,"column":47}},"7":{"start":{"line":31,"column":4},"end":{"line":31,"column":25}},"8":{"start":{"line":34,"column":0},"end":{"line":34,"column":30}}},"fnMap":{"0":{"name":"(anonymous_0)","decl":{"start":{"line":3,"column":2},"end":{"line":3,"column":3}},"loc":{"start":{"line":3,"column":18},"end":{"line":6,"column":3}},"line":3},"1":{"name":"(anonymous_1)","decl":{"start":{"line":7,"column":2},"end":{"line":7,"column":3}},"loc":{"start":{"line":7,"column":18},"end":{"line":9,"column":3}},"line":7},"2":{"name":"(anonymous_2)","decl":{"start":{"line":11,"column":2},"end":{"line":11,"column":3}},"loc":{"start":{"line":11,"column":17},"end":{"line":16,"column":3}},"line":11},"3":{"name":"(anonymous_3)","decl":{"start":{"line":18,"column":2},"end":{"line":18,"column":3}},"loc":{"start":{"line":18,"column":16},"end":{"line":20,"column":3}},"line":18},"4":{"name":"(anonymous_4)","decl":{"start":{"line":22,"column":2},"end":{"line":22,"column":3}},"loc":{"start":{"line":22,"column":13},"end":{"line":24,"column":3}},"line":22},"5":{"name":"(anonymous_5)","decl":{"start":{"line":26,"column":2},"end":{"line":26,"column":3}},"loc":{"start":{"line":26,"column":19},"end":{"line":28,"column":3}},"line":26},"6":{"name":"(anonymous_6)","decl":{"start":{"line":30,"column":2},"end":{"line":30,"column":3}},"loc":{"start":{"line":30,"column":16},"end":{"line":32,"column":3}},"line":30}},"branchMap":{},"s":{"0":13,"1":13,"2":12,"3":12,"4":13,"5":2,"6":13,"7":1,"8":5},"f":{"0":13,"1":12,"2":12,"3":13,"4":2,"5":13,"6":1},"b":{},"_coverageSchema":"1a1c01bbd47fc00a2c39e90264f33305004495a9","hash":"c2b96eee6e43770048fdc1ca7637c7523b2acb08"}
,"/var/www/river/src/shared_models/PhotoSample.js": {"path":"/var/www/river/src/shared_models/PhotoSample.js","statementMap":{"0":{"start":{"line":1,"column":22},"end":{"line":1,"column":48}},"1":{"start":{"line":6,"column":4},"end":{"line":6,"column":11}},"2":{"start":{"line":7,"column":4},"end":{"line":7,"column":25}},"3":{"start":{"line":8,"column":4},"end":{"line":8,"column":20}},"4":{"start":{"line":12,"column":4},"end":{"line":12,"column":25}},"5":{"start":{"line":16,"column":6},"end":{"line":16,"column":21}},"6":{"start":{"line":20,"column":4},"end":{"line":20,"column":30}},"7":{"start":{"line":24,"column":4},"end":{"line":24,"column":18}},"8":{"start":{"line":28,"column":4},"end":{"line":28,"column":48}},"9":{"start":{"line":32,"column":4},"end":{"line":35,"column":5}},"10":{"start":{"line":38,"column":0},"end":{"line":38,"column":28}}},"fnMap":{"0":{"name":"(anonymous_0)","decl":{"start":{"line":5,"column":2},"end":{"line":5,"column":3}},"loc":{"start":{"line":5,"column":18},"end":{"line":9,"column":3}},"line":5},"1":{"name":"(anonymous_1)","decl":{"start":{"line":11,"column":2},"end":{"line":11,"column":3}},"loc":{"start":{"line":11,"column":13},"end":{"line":13,"column":3}},"line":11},"2":{"name":"(anonymous_2)","decl":{"start":{"line":15,"column":2},"end":{"line":15,"column":3}},"loc":{"start":{"line":15,"column":10},"end":{"line":17,"column":3}},"line":15},"3":{"name":"(anonymous_3)","decl":{"start":{"line":19,"column":2},"end":{"line":19,"column":3}},"loc":{"start":{"line":19,"column":18},"end":{"line":21,"column":3}},"line":19},"4":{"name":"(anonymous_4)","decl":{"start":{"line":23,"column":2},"end":{"line":23,"column":3}},"loc":{"start":{"line":23,"column":15},"end":{"line":25,"column":3}},"line":23},"5":{"name":"(anonymous_5)","decl":{"start":{"line":27,"column":2},"end":{"line":27,"column":3}},"loc":{"start":{"line":27,"column":18},"end":{"line":29,"column":3}},"line":27},"6":{"name":"(anonymous_6)","decl":{"start":{"line":31,"column":2},"end":{"line":31,"column":3}},"loc":{"start":{"line":31,"column":17},"end":{"line":36,"column":3}},"line":31}},"branchMap":{},"s":{"0":3,"1":11,"2":11,"3":11,"4":11,"5":3,"6":11,"7":1,"8":10,"9":11,"10":3},"f":{"0":11,"1":11,"2":3,"3":11,"4":1,"5":10,"6":11},"b":{},"_coverageSchema":"1a1c01bbd47fc00a2c39e90264f33305004495a9","hash":"48f611c42d086f7022945ceeacc61381d13b4bd9"}
,"/var/www/river/src/shared_models/User.js": {"path":"/var/www/river/src/shared_models/User.js","statementMap":{"0":{"start":{"line":4,"column":4},"end":{"line":4,"column":19}},"1":{"start":{"line":5,"column":4},"end":{"line":5,"column":36}},"2":{"start":{"line":9,"column":16},"end":{"line":9,"column":29}},"3":{"start":{"line":10,"column":4},"end":{"line":10,"column":24}},"4":{"start":{"line":14,"column":4},"end":{"line":17,"column":5}},"5":{"start":{"line":21,"column":4},"end":{"line":21,"column":23}},"6":{"start":{"line":25,"column":4},"end":{"line":25,"column":18}},"7":{"start":{"line":29,"column":15},"end":{"line":29,"column":38}},"8":{"start":{"line":30,"column":4},"end":{"line":31,"column":68}},"9":{"start":{"line":31,"column":6},"end":{"line":31,"column":68}},"10":{"start":{"line":32,"column":4},"end":{"line":32,"column":28}},"11":{"start":{"line":36,"column":4},"end":{"line":36,"column":30}},"12":{"start":{"line":40,"column":0},"end":{"line":40,"column":21}}},"fnMap":{"0":{"name":"(anonymous_0)","decl":{"start":{"line":3,"column":2},"end":{"line":3,"column":3}},"loc":{"start":{"line":3,"column":18},"end":{"line":6,"column":3}},"line":3},"1":{"name":"(anonymous_1)","decl":{"start":{"line":8,"column":2},"end":{"line":8,"column":3}},"loc":{"start":{"line":8,"column":18},"end":{"line":11,"column":3}},"line":8},"2":{"name":"(anonymous_2)","decl":{"start":{"line":13,"column":2},"end":{"line":13,"column":3}},"loc":{"start":{"line":13,"column":17},"end":{"line":18,"column":3}},"line":13},"3":{"name":"(anonymous_3)","decl":{"start":{"line":20,"column":2},"end":{"line":20,"column":3}},"loc":{"start":{"line":20,"column":12},"end":{"line":22,"column":3}},"line":20},"4":{"name":"(anonymous_4)","decl":{"start":{"line":24,"column":2},"end":{"line":24,"column":3}},"loc":{"start":{"line":24,"column":9},"end":{"line":26,"column":3}},"line":24},"5":{"name":"(anonymous_5)","decl":{"start":{"line":28,"column":2},"end":{"line":28,"column":3}},"loc":{"start":{"line":28,"column":29},"end":{"line":33,"column":3}},"line":28},"6":{"name":"(anonymous_6)","decl":{"start":{"line":35,"column":2},"end":{"line":35,"column":3}},"loc":{"start":{"line":35,"column":26},"end":{"line":37,"column":3}},"line":35}},"branchMap":{"0":{"loc":{"start":{"line":30,"column":4},"end":{"line":31,"column":68}},"type":"if","locations":[{"start":{"line":30,"column":4},"end":{"line":31,"column":68}},{"start":{"line":30,"column":4},"end":{"line":31,"column":68}}],"line":30},"1":{"loc":{"start":{"line":30,"column":7},"end":{"line":30,"column":46}},"type":"binary-expr","locations":[{"start":{"line":30,"column":7},"end":{"line":30,"column":36}},{"start":{"line":30,"column":40},"end":{"line":30,"column":46}}],"line":30}},"s":{"0":5,"1":5,"2":5,"3":5,"4":6,"5":5,"6":1,"7":5,"8":5,"9":0,"10":5,"11":1,"12":4},"f":{"0":5,"1":5,"2":6,"3":5,"4":1,"5":5,"6":1},"b":{"0":[0,5],"1":[5,5]},"_coverageSchema":"1a1c01bbd47fc00a2c39e90264f33305004495a9","hash":"5c5a7bb50be6d1f76f818c1beac099b0a169b9b1"}
}
