TN:
SF:src/backend/DatabaseAccessObject.js
FN:5,(anonymous_0)
FN:11,(anonymous_1)
FN:20,(anonymous_2)
FN:32,(anonymous_3)
FN:41,(anonymous_4)
FN:48,(anonymous_5)
FN:55,(anonymous_6)
FN:64,(anonymous_7)
FN:71,(anonymous_8)
FN:79,(anonymous_9)
FN:84,(anonymous_10)
FN:91,(anonymous_11)
FN:96,(anonymous_12)
FN:100,(anonymous_13)
FN:106,(anonymous_14)
FN:115,(anonymous_15)
FN:116,(anonymous_16)
FN:117,(anonymous_17)
FN:127,(anonymous_18)
FN:128,(anonymous_19)
FN:129,(anonymous_20)
FN:130,(anonymous_21)
FN:139,(anonymous_22)
FNF:23
FNH:7
FNDA:0,(anonymous_0)
FNDA:0,(anonymous_1)
FNDA:0,(anonymous_2)
FNDA:1,(anonymous_3)
FNDA:1,(anonymous_4)
FNDA:2,(anonymous_5)
FNDA:2,(anonymous_6)
FNDA:2,(anonymous_7)
FNDA:1,(anonymous_8)
FNDA:0,(anonymous_9)
FNDA:0,(anonymous_10)
FNDA:0,(anonymous_11)
FNDA:0,(anonymous_12)
FNDA:0,(anonymous_13)
FNDA:0,(anonymous_14)
FNDA:0,(anonymous_15)
FNDA:0,(anonymous_16)
FNDA:0,(anonymous_17)
FNDA:0,(anonymous_18)
FNDA:0,(anonymous_19)
FNDA:0,(anonymous_20)
FNDA:0,(anonymous_21)
FNDA:3,(anonymous_22)
DA:1,2
DA:6,0
DA:7,0
DA:8,0
DA:12,0
DA:21,0
DA:27,0
DA:28,0
DA:29,0
DA:33,1
DA:34,0
DA:35,1
DA:36,1
DA:37,1
DA:42,1
DA:49,2
DA:50,2
DA:51,2
DA:52,2
DA:56,2
DA:65,2
DA:66,1
DA:67,1
DA:68,1
DA:72,1
DA:80,0
DA:81,0
DA:85,0
DA:92,0
DA:93,0
DA:97,0
DA:101,0
DA:102,0
DA:103,0
DA:107,0
DA:116,0
DA:117,0
DA:118,0
DA:119,0
DA:120,0
DA:122,0
DA:128,0
DA:129,0
DA:130,0
DA:131,0
DA:132,0
DA:133,0
DA:140,3
DA:141,1
DA:144,2
LF:50
LH:19
BRDA:28,0,0,0
BRDA:28,0,1,0
BRDA:33,1,0,0
BRDA:33,1,1,1
BRDA:33,2,0,1
BRDA:33,2,1,1
BRDA:118,3,0,0
BRDA:118,3,1,0
BRDA:131,4,0,0
BRDA:131,4,1,0
BRDA:140,5,0,1
BRDA:140,5,1,2
BRDA:140,6,0,3
BRDA:140,6,1,3
BRF:14
BRH:7
end_of_record
TN:
SF:src/backend/controller.js
FN:5,(anonymous_0)
FN:16,(anonymous_1)
FN:23,(anonymous_2)
FN:29,(anonymous_3)
FN:37,(anonymous_4)
FN:44,(anonymous_5)
FN:49,(anonymous_6)
FNF:7
FNH:4
FNDA:6,(anonymous_0)
FNDA:2,(anonymous_1)
FNDA:2,(anonymous_2)
FNDA:1,(anonymous_3)
FNDA:0,(anonymous_4)
FNDA:0,(anonymous_5)
FNDA:0,(anonymous_6)
DA:1,1
DA:6,6
DA:7,1
DA:8,5
DA:9,5
DA:10,5
DA:11,5
DA:12,5
DA:13,5
DA:17,2
DA:18,2
DA:19,1
DA:20,1
DA:24,2
DA:25,1
DA:26,1
DA:30,1
DA:31,1
DA:32,1
DA:33,1
DA:34,1
DA:38,0
DA:39,0
DA:40,0
DA:41,0
DA:45,0
DA:46,0
DA:50,0
DA:51,0
DA:52,0
DA:53,0
DA:54,0
DA:57,1
LF:33
LH:22
BRDA:6,0,0,1
BRDA:6,0,1,5
BRDA:18,1,0,1
BRDA:18,1,1,1
BRDA:18,2,0,2
BRDA:18,2,1,2
BRF:6
BRH:6
end_of_record
TN:
SF:src/backend/supervisor.js
FN:6,(anonymous_0)
FN:13,(anonymous_1)
FN:23,(anonymous_2)
FN:30,(anonymous_3)
FN:36,(anonymous_4)
FN:41,(anonymous_5)
FN:45,(anonymous_6)
FN:49,(anonymous_7)
FN:56,(anonymous_8)
FN:60,(anonymous_9)
FN:66,(anonymous_10)
FN:70,(anonymous_11)
FN:74,(anonymous_12)
FN:78,(anonymous_13)
FN:82,(anonymous_14)
FN:86,(anonymous_15)
FN:90,(anonymous_16)
FNF:17
FNH:8
FNDA:5,(anonymous_0)
FNDA:5,(anonymous_1)
FNDA:5,(anonymous_2)
FNDA:1,(anonymous_3)
FNDA:0,(anonymous_4)
FNDA:0,(anonymous_5)
FNDA:0,(anonymous_6)
FNDA:2,(anonymous_7)
FNDA:1,(anonymous_8)
FNDA:0,(anonymous_9)
FNDA:0,(anonymous_10)
FNDA:0,(anonymous_11)
FNDA:0,(anonymous_12)
FNDA:1,(anonymous_13)
FNDA:0,(anonymous_14)
FNDA:1,(anonymous_15)
FNDA:0,(anonymous_16)
DA:1,1
DA:2,1
DA:7,5
DA:8,5
DA:9,5
DA:10,5
DA:14,5
DA:15,5
DA:16,5
DA:17,5
DA:18,5
DA:19,5
DA:20,5
DA:24,5
DA:25,5
DA:27,0
DA:31,1
DA:32,1
DA:33,1
DA:37,0
DA:38,0
DA:42,0
DA:46,0
DA:50,2
DA:51,1
DA:53,1
DA:57,1
DA:61,0
DA:62,0
DA:63,0
DA:67,0
DA:71,0
DA:75,0
DA:79,1
DA:83,0
DA:87,1
DA:91,0
DA:92,0
DA:95,1
LF:39
LH:25
BRDA:24,0,0,5
BRDA:24,0,1,0
BRDA:50,1,0,1
BRDA:50,1,1,1
BRDA:79,2,0,1
BRDA:79,2,1,0
BRF:6
BRH:4
end_of_record
TN:
SF:src/frontend/components/login-screen.vue
FN:41,data
FN:50,(anonymous_9)
FN:59,(anonymous_10)
FN:66,(anonymous_11)
FN:72,(anonymous_13)
FN:79,(anonymous_14)
FN:83,(anonymous_16)
FN:88,(anonymous_18)
FNF:8
FNH:6
FNDA:4,data
FNDA:4,(anonymous_9)
FNDA:4,(anonymous_10)
FNDA:4,(anonymous_11)
FNDA:2,(anonymous_13)
FNDA:0,(anonymous_14)
FNDA:2,(anonymous_16)
FNDA:0,(anonymous_18)
DA:36,2
DA:37,2
DA:42,4
DA:51,4
DA:60,4
DA:66,4
DA:67,2
DA:68,2
DA:69,2
DA:73,4
DA:79,0
DA:80,0
DA:83,1
DA:84,1
DA:85,1
DA:88,0
DA:89,0
DA:90,0
DA:92,0
LF:19
LH:13
BRDA:60,0,0,0
BRDA:60,0,1,4
BRDA:73,1,0,1
BRDA:73,1,1,1
BRF:4
BRH:3
end_of_record
TN:
SF:src/frontend/components/photo-viewer.vue
FN:24,data
FN:32,(anonymous_9)
FN:36,(anonymous_10)
FN:40,(anonymous_11)
FN:48,(anonymous_12)
FN:55,(anonymous_13)
FN:62,(anonymous_15)
FN:66,(anonymous_16)
FN:73,(anonymous_18)
FN:78,(anonymous_19)
FN:83,(anonymous_21)
FNF:11
FNH:10
FNDA:5,data
FNDA:6,(anonymous_9)
FNDA:7,(anonymous_10)
FNDA:1,(anonymous_11)
FNDA:5,(anonymous_12)
FNDA:2,(anonymous_13)
FNDA:1,(anonymous_15)
FNDA:2,(anonymous_16)
FNDA:0,(anonymous_18)
FNDA:2,(anonymous_19)
FNDA:2,(anonymous_21)
DA:21,2
DA:25,5
DA:33,6
DA:37,7
DA:41,2
DA:49,5
DA:55,2
DA:56,1
DA:57,1
DA:58,2
DA:63,1
DA:66,2
DA:67,1
DA:68,1
DA:69,2
DA:74,0
DA:78,2
DA:79,1
DA:80,1
DA:83,1
DA:84,1
LF:21
LH:20
BRDA:37,0,0,7
BRDA:37,0,1,7
BRDA:41,1,0,1
BRDA:41,1,1,0
BRDA:49,2,0,0
BRDA:49,2,1,5
BRDA:58,3,0,0
BRDA:58,3,1,1
BRDA:69,4,0,1
BRDA:69,4,1,0
BRF:10
BRH:6
end_of_record
TN:
SF:src/frontend/components/root.vue
FNF:0
FNH:0
DA:9,1
DA:10,1
LF:2
LH:2
BRF:0
BRH:0
end_of_record
TN:
SF:src/frontend/components/users.vue
FN:59,data
FN:66,(anonymous_9)
FN:72,(anonymous_11)
FN:77,(anonymous_13)
FN:82,(anonymous_15)
FN:92,(anonymous_16)
FNF:6
FNH:5
FNDA:2,data
FNDA:2,(anonymous_9)
FNDA:2,(anonymous_11)
FNDA:0,(anonymous_13)
FNDA:1,(anonymous_15)
FNDA:2,(anonymous_16)
DA:53,3
DA:54,3
DA:55,3
DA:60,2
DA:66,2
DA:67,1
DA:68,1
DA:69,1
DA:72,2
DA:73,2
DA:77,0
DA:78,0
DA:79,0
DA:83,1
DA:92,2
DA:93,1
DA:94,1
LF:17
LH:14
BRDA:73,0,0,1
BRDA:73,0,1,0
BRF:2
BRH:1
end_of_record
TN:
SF:src/frontend/images/logo.png
FNF:0
FNH:0
DA:1,2
LF:1
LH:1
BRF:0
BRH:0
end_of_record
TN:
SF:src/frontend/images/smile.png
FNF:0
FNH:0
DA:1,3
LF:1
LH:1
BRF:0
BRH:0
end_of_record
TN:
SF:src/shared_models/AbstractModel.js
FN:2,(anonymous_0)
FNF:1
FNH:1
FNDA:2,(anonymous_0)
DA:3,2
DA:4,2
DA:5,1
DA:6,1
DA:9,4
LF:5
LH:5
BRDA:4,0,0,1
BRDA:4,0,1,1
BRDA:4,1,0,2
BRDA:4,1,1,2
BRF:4
BRH:4
end_of_record
TN:
SF:src/shared_models/LoginResponse.js
FN:3,(anonymous_0)
FN:7,(anonymous_1)
FN:11,(anonymous_2)
FN:18,(anonymous_3)
FN:22,(anonymous_4)
FN:26,(anonymous_5)
FN:30,(anonymous_6)
FNF:7
FNH:7
FNDA:13,(anonymous_0)
FNDA:12,(anonymous_1)
FNDA:12,(anonymous_2)
FNDA:13,(anonymous_3)
FNDA:2,(anonymous_4)
FNDA:13,(anonymous_5)
FNDA:1,(anonymous_6)
DA:4,13
DA:5,13
DA:8,12
DA:12,12
DA:19,13
DA:23,2
DA:27,13
DA:31,1
DA:34,5
LF:9
LH:9
BRF:0
BRH:0
end_of_record
TN:
SF:src/shared_models/PhotoSample.js
FN:5,(anonymous_0)
FN:11,(anonymous_1)
FN:15,(anonymous_2)
FN:19,(anonymous_3)
FN:23,(anonymous_4)
FN:27,(anonymous_5)
FN:31,(anonymous_6)
FNF:7
FNH:7
FNDA:11,(anonymous_0)
FNDA:11,(anonymous_1)
FNDA:3,(anonymous_2)
FNDA:11,(anonymous_3)
FNDA:1,(anonymous_4)
FNDA:10,(anonymous_5)
FNDA:11,(anonymous_6)
DA:1,3
DA:6,11
DA:7,11
DA:8,11
DA:12,11
DA:16,3
DA:20,11
DA:24,1
DA:28,10
DA:32,11
DA:38,3
LF:11
LH:11
BRF:0
BRH:0
end_of_record
TN:
SF:src/shared_models/User.js
FN:3,(anonymous_0)
FN:8,(anonymous_1)
FN:13,(anonymous_2)
FN:20,(anonymous_3)
FN:24,(anonymous_4)
FN:28,(anonymous_5)
FN:35,(anonymous_6)
FNF:7
FNH:7
FNDA:5,(anonymous_0)
FNDA:5,(anonymous_1)
FNDA:6,(anonymous_2)
FNDA:5,(anonymous_3)
FNDA:1,(anonymous_4)
FNDA:5,(anonymous_5)
FNDA:1,(anonymous_6)
DA:4,5
DA:5,5
DA:9,5
DA:10,5
DA:14,6
DA:21,5
DA:25,1
DA:29,5
DA:30,5
DA:31,0
DA:32,5
DA:36,1
DA:40,4
LF:13
LH:12
BRDA:30,0,0,0
BRDA:30,0,1,5
BRDA:30,1,0,5
BRDA:30,1,1,5
BRF:4
BRH:3
end_of_record
